2020-04-06 16:43:36.820 INFO  c.t.h.c.c.ParsedLogicalPackage$OutlineParseCompiler - Outline parse 70 files in 1 roots took 137 ms.
2020-04-06 16:43:36.856 INFO  c.t.hydra.Hydra - Loaded pickle store with 139 entries.
2020-04-06 16:43:36.857 INFO  c.t.hydra.Hydra - Hydra Scala version: 2.13.1-hydra40
2020-04-06 16:43:36.858 INFO  c.t.hydra.Hydra - Hydra version:       2.2.2
2020-04-06 16:43:36.858 INFO  c.t.hydra.Hydra - Compiling project:   diagenesissim/main
2020-04-06 16:43:36.866 INFO  c.t.h.FullBuildDetector$ - Recursive - Full build detection took 6 ms.
2020-04-06 16:43:36.866 INFO  c.t.hydra.Hydra - Clean build: false
2020-04-06 16:43:38.328 INFO  c.t.h.l.ActivatedLicenseText - ActivatedLicenseText.validate took 1440 ms.
2020-04-06 16:43:38.329 INFO  c.t.h.l.HydraLicenseChecker - Days until license expiration: 73. Maximum cores: 8
2020-04-06 16:43:38.334 INFO  c.t.h.m.Metrics - Deserializing unit-timings.csv.
2020-04-06 16:43:38.349 INFO  c.t.h.m.AutoBalancer - Balanced workers with distribution (ms): 1647:1638:1644:1644
2020-04-06 16:43:38.370 INFO  c.t.hydra.Hydra - [worker.0]: Starting worker with 3 files.
2020-04-06 16:43:38.370 INFO  c.t.hydra.Hydra - [worker.1]: Starting worker with 21 files.
2020-04-06 16:43:38.370 INFO  c.t.hydra.Hydra - [worker.2]: Starting worker with 3 files.
2020-04-06 16:43:38.370 INFO  c.t.hydra.Hydra - [worker.3]: Starting worker with 3 files.
2020-04-06 16:43:38.820 INFO  worker.3 - [ cache invalidate ]: org.carbonateresearch.conus.common.ParrallelModellerDispatcherActor.resultsList type was: scala.collection.mutable.ListBuffer[org.carbonateresearch.conus.common.SingleModelWithResults], now: scala.collection.mutable.ListBuffer[org.carbonateresearch.conus.oldies.OldSingleModelWithResults]
2020-04-06 16:43:38.900 INFO  worker.1 - [ cache invalidate ]: org.carbonateresearch.conus.common.ModelCalculationSpace.resultsList type was: List[org.carbonateresearch.conus.common.SingleModelWithResults], now: List[org.carbonateresearch.conus.oldies.OldSingleModelWithResults]
2020-04-06 16:43:39.054 INFO  worker.2 - [ cache invalidate ]: org.carbonateresearch.conus.common.ChainableCalculation.copy$default$3 type was: List[org.carbonateresearch.conus.equations.Calculator] @scala.annotation.unchecked.uncheckedVariance, now: List[org.carbonateresearch.conus.common.Calculator] @scala.annotation.unchecked.uncheckedVariance
2020-04-06 16:43:39.091 INFO  worker.1 - [ cache invalidate ]: org.carbonateresearch.conus.common.ModelCalculationSpace.resultsList type was: List[org.carbonateresearch.conus.common.SingleModelWithResults], now: List[org.carbonateresearch.conus.oldies.OldSingleModelWithResults]
2020-04-06 16:43:39.100 INFO  worker.1 - [ cache invalidate ]: org.carbonateresearch.conus.common.ModelCalculationSpace.copy$default$1 type was: List[org.carbonateresearch.conus.common.ChainableCalculation] @scala.annotation.unchecked.uncheckedVariance, now: List[org.carbonateresearch.conus.oldies.OldChainableCalculation] @scala.annotation.unchecked.uncheckedVariance
2020-04-06 16:43:39.102 INFO  worker.1 - [ cache invalidate ]: org.carbonateresearch.conus.common.ModelCalculationSpace.copy$default$3 type was: List[org.carbonateresearch.conus.common.SingleModelWithResults] @scala.annotation.unchecked.uncheckedVariance, now: List[org.carbonateresearch.conus.oldies.OldSingleModelWithResults] @scala.annotation.unchecked.uncheckedVariance
2020-04-06 16:43:39.138 INFO  worker.3 - [ cache invalidate ]: org.carbonateresearch.conus.common.ParrallelModellerDispatcherActor.resultsList type was: scala.collection.mutable.ListBuffer[org.carbonateresearch.conus.common.SingleModelWithResults], now: scala.collection.mutable.ListBuffer[org.carbonateresearch.conus.oldies.OldSingleModelWithResults]
2020-04-06 16:43:39.139 INFO  worker.0 - [ cache invalidate ]: org.carbonateresearch.conus.common.SingleModelWithResults.copy$default$3 type was: List[org.carbonateresearch.conus.equations.Calculator] @scala.annotation.unchecked.uncheckedVariance, now: List[org.carbonateresearch.conus.common.Calculator] @scala.annotation.unchecked.uncheckedVariance
2020-04-06 16:43:39.159 INFO  worker.2 - [ cache invalidate ]: org.carbonateresearch.conus.common.ParrallelModellerCollectorActor.resultsList type was: scala.collection.mutable.ListBuffer[org.carbonateresearch.conus.common.SingleModelWithResults], now: scala.collection.mutable.ListBuffer[org.carbonateresearch.conus.oldies.OldSingleModelWithResults]
2020-04-06 16:43:39.280 INFO  worker.2 - [ cache invalidate ]: org.carbonateresearch.conus.common.ParrallelModellerCollectorActor.resultsList type was: scala.collection.mutable.ListBuffer[org.carbonateresearch.conus.common.SingleModelWithResults], now: scala.collection.mutable.ListBuffer[org.carbonateresearch.conus.oldies.OldSingleModelWithResults]
2020-04-06 16:43:39.349 ERROR worker.0 - /Users/cedric/IdeaProjects/diagenesissim/src/main/scala/org/carbonateresearch/conus/equations/Calculator.scala:4: object OldModelResults is not a member of package org.carbonateresearch.conus.common
import org.carbonateresearch.conus.common.OldModelResults
       ^
2020-04-06 16:43:39.356 INFO  worker.3 - [ cache invalidate ]: org.carbonateresearch.conus.DiageneSim.runnedModel type was: org.carbonateresearch.conus.common.ModelCalculationSpace, now: org.carbonateresearch.conus.oldies.OldModelCalculationSpace
2020-04-06 16:43:39.372 INFO  worker.3 - [ cache invalidate ]: org.carbonateresearch.conus.DiageneSim.runnedModel type was: org.carbonateresearch.conus.common.ModelCalculationSpace, now: org.carbonateresearch.conus.oldies.OldModelCalculationSpace
2020-04-06 16:43:39.373 ERROR worker.2 - /Users/cedric/IdeaProjects/diagenesissim/src/main/scala/org/carbonateresearch/conus/common/SingleModelWithResults.scala:7: type mismatch;
 found   : List[org.carbonateresearch.conus.common.Calculator]
 required: List[org.carbonateresearch.conus.equations.Calculator] @scala.annotation.unchecked.uncheckedVariance
final case class SingleModelWithResults(ID:Int, steps: List[Int], parameters: List[Calculator], results: NumericalResults){
                                                                  ^
2020-04-06 16:43:39.390 ERROR worker.2 - /Users/cedric/IdeaProjects/diagenesissim/src/main/scala/org/carbonateresearch/conus/equations/Calculator.scala:4: object OldModelResults is not a member of package org.carbonateresearch.conus.common
import org.carbonateresearch.conus.common.OldModelResults
       ^
2020-04-06 16:43:39.509 INFO  worker.2 - Invalidating this worker because of dirty cache entries: (/Users/cedric/IdeaProjects/diagenesissim/src/main/scala/org/carbonateresearch/conus/common/SingleModelWithResults.scala,org.carbonateresearch.conus.common.SingleModelWithResults.copy$default$3)
2020-04-06 16:43:39.510 INFO  worker.2 - Respawning worker because of inconsistent reads.
2020-04-06 16:43:39.517 INFO  worker.0 - Worker used 0 cached entries.
2020-04-06 16:43:39.518 INFO  c.t.h.WorkerThread - [worker.0]: 1125 ms 	3 sources.
2020-04-06 16:43:39.542 ERROR worker.3 - /Users/cedric/IdeaProjects/diagenesissim/src/main/scala/org/carbonateresearch/conus/common/SingleModelWithResults.scala:7: type mismatch;
 found   : List[org.carbonateresearch.conus.common.Calculator]
 required: List[org.carbonateresearch.conus.equations.Calculator] @scala.annotation.unchecked.uncheckedVariance
final case class SingleModelWithResults(ID:Int, steps: List[Int], parameters: List[Calculator], results: NumericalResults){
                                                                  ^
2020-04-06 16:43:39.558 INFO  worker.2 - Worker used 0 cached entries.
2020-04-06 16:43:39.559 INFO  c.t.h.WorkerThread - [worker.2]: 1166 ms 	3 sources.
2020-04-06 16:43:39.601 ERROR worker.3 - /Users/cedric/IdeaProjects/diagenesissim/src/main/scala/org/carbonateresearch/conus/equations/Calculator.scala:4: object OldModelResults is not a member of package org.carbonateresearch.conus.common
import org.carbonateresearch.conus.common.OldModelResults
       ^
2020-04-06 16:43:39.717 ERROR worker.3 - /Users/cedric/IdeaProjects/diagenesissim/src/main/scala/org/carbonateresearch/conus/common/ModelCalculationSpace.scala:22: type mismatch;
 found   : List[org.carbonateresearch.conus.oldies.OldChainableCalculation]
 required: List[org.carbonateresearch.conus.common.ChainableCalculation] @scala.annotation.unchecked.uncheckedVariance
final case class ModelCalculationSpace(calculations:List[OldChainableCalculation], calibrationSets: List[ModelCalibrationSet], var results: List[OldSingleModelWithResults] = List()) {
                                       ^
2020-04-06 16:43:39.720 ERROR worker.3 - /Users/cedric/IdeaProjects/diagenesissim/src/main/scala/org/carbonateresearch/conus/common/ModelCalculationSpace.scala:22: type mismatch;
 found   : List[org.carbonateresearch.conus.oldies.OldSingleModelWithResults]
 required: List[org.carbonateresearch.conus.common.SingleModelWithResults] @scala.annotation.unchecked.uncheckedVariance
final case class ModelCalculationSpace(calculations:List[OldChainableCalculation], calibrationSets: List[ModelCalibrationSet], var results: List[OldSingleModelWithResults] = List()) {
                                                                                                                                   ^
2020-04-06 16:43:39.784 ERROR worker.3 - /Users/cedric/IdeaProjects/diagenesissim/src/main/scala/org/carbonateresearch/conus/common/ChainableCalculation.scala:11: type mismatch;
 found   : List[org.carbonateresearch.conus.common.Calculator]
 required: List[org.carbonateresearch.conus.equations.Calculator] @scala.annotation.unchecked.uncheckedVariance
final case class ChainableCalculation(ID:Int, steps:List[Int], modelParameters:List[Calculator]) {
                                                               ^
2020-04-06 16:43:39.801 INFO  worker.3 - Invalidating this worker because of dirty cache entries: (/Users/cedric/IdeaProjects/diagenesissim/src/main/scala/org/carbonateresearch/conus/common/SingleModelWithResults.scala,org.carbonateresearch.conus.common.SingleModelWithResults.copy$default$3)
(/Users/cedric/IdeaProjects/diagenesissim/src/main/scala/org/carbonateresearch/conus/common/ParrallelModellerCollectorActor.scala,org.carbonateresearch.conus.common.ParrallelModellerCollectorActor.resultsList)
(/Users/cedric/IdeaProjects/diagenesissim/src/main/scala/org/carbonateresearch/conus/common/ModelCalculationSpace.scala,org.carbonateresearch.conus.common.ModelCalculationSpace.copy$default$1)
(/Users/cedric/IdeaProjects/diagenesissim/src/main/scala/org/carbonateresearch/conus/common/ChainableCalculation.scala,org.carbonateresearch.conus.common.ChainableCalculation.copy$default$3)
(/Users/cedric/IdeaProjects/diagenesissim/src/main/scala/org/carbonateresearch/conus/common/ModelCalculationSpace.scala,org.carbonateresearch.conus.common.ModelCalculationSpace.resultsList)
(/Users/cedric/IdeaProjects/diagenesissim/src/main/scala/org/carbonateresearch/conus/common/ModelCalculationSpace.scala,org.carbonateresearch.conus.common.ModelCalculationSpace.copy$default$3)
2020-04-06 16:43:39.801 INFO  worker.3 - Respawning worker because of inconsistent reads.
2020-04-06 16:43:39.833 INFO  worker.3 - Worker used 0 cached entries.
2020-04-06 16:43:39.834 INFO  c.t.h.WorkerThread - [worker.3]: 1441 ms 	3 sources.
2020-04-06 16:43:39.988 ERROR worker.1 - /Users/cedric/IdeaProjects/diagenesissim/src/main/scala/org/carbonateresearch/conus/common/SingleModelWithResults.scala:7: type mismatch;
 found   : List[org.carbonateresearch.conus.common.Calculator]
 required: List[org.carbonateresearch.conus.equations.Calculator] @scala.annotation.unchecked.uncheckedVariance
final case class SingleModelWithResults(ID:Int, steps: List[Int], parameters: List[Calculator], results: NumericalResults){
                                                                  ^
2020-04-06 16:43:40.027 ERROR worker.1 - /Users/cedric/IdeaProjects/diagenesissim/src/main/scala/org/carbonateresearch/conus/common/ChainableCalculation.scala:11: type mismatch;
 found   : List[org.carbonateresearch.conus.common.Calculator]
 required: List[org.carbonateresearch.conus.equations.Calculator] @scala.annotation.unchecked.uncheckedVariance
final case class ChainableCalculation(ID:Int, steps:List[Int], modelParameters:List[Calculator]) {
                                                               ^
2020-04-06 16:43:40.042 INFO  worker.1 - Invalidating this worker because of dirty cache entries: (/Users/cedric/IdeaProjects/diagenesissim/src/main/scala/org/carbonateresearch/conus/common/SingleModelWithResults.scala,org.carbonateresearch.conus.common.SingleModelWithResults.copy$default$3)
(/Users/cedric/IdeaProjects/diagenesissim/src/main/scala/org/carbonateresearch/conus/common/ChainableCalculation.scala,org.carbonateresearch.conus.common.ChainableCalculation.copy$default$3)
2020-04-06 16:43:40.043 INFO  worker.1 - Respawning worker because of inconsistent reads.
2020-04-06 16:43:40.072 INFO  worker.1 - Worker used 0 cached entries.
2020-04-06 16:43:40.072 INFO  c.t.h.WorkerThread - [worker.1]: 1680 ms 	21 sources.
2020-04-06 16:43:40.080 INFO  c.t.h.m.GarbageCollection$ - Garbage collection duration: 58 milliseconds
2020-04-06 16:43:40.081 INFO  c.t.hydra.Hydra - Hydra compiling: 1711 ms
2020-04-07 15:56:26.935 INFO  c.t.h.c.c.ParsedLogicalPackage$OutlineParseCompiler - Outline parse 70 files in 1 roots took 128 ms.
2020-04-07 15:56:26.964 INFO  c.t.hydra.Hydra - Loaded pickle store with 139 entries.
2020-04-07 15:56:26.965 INFO  c.t.hydra.Hydra - Hydra Scala version: 2.13.1-hydra40
2020-04-07 15:56:26.965 INFO  c.t.hydra.Hydra - Hydra version:       2.2.2
2020-04-07 15:56:26.965 INFO  c.t.hydra.Hydra - Compiling project:   diagenesissim/main
2020-04-07 15:56:26.972 INFO  c.t.h.FullBuildDetector$ - Recursive - Full build detection took 5 ms.
2020-04-07 15:56:26.972 INFO  c.t.hydra.Hydra - Clean build: false
2020-04-07 15:56:27.478 INFO  c.t.h.l.ActivatedLicenseText - ActivatedLicenseText.validate took 487 ms.
2020-04-07 15:56:27.479 INFO  c.t.h.l.HydraLicenseChecker - Days until license expiration: 72. Maximum cores: 8
2020-04-07 15:56:27.484 INFO  c.t.h.m.Metrics - Deserializing unit-timings.csv.
2020-04-07 15:56:27.500 INFO  c.t.h.m.AutoBalancer - Balanced workers with distribution (ms): 1647:1640:1644:1644
2020-04-07 15:56:27.521 INFO  c.t.hydra.Hydra - [worker.0]: Starting worker with 3 files.
2020-04-07 15:56:27.521 INFO  c.t.hydra.Hydra - [worker.1]: Starting worker with 23 files.
2020-04-07 15:56:27.521 INFO  c.t.hydra.Hydra - [worker.2]: Starting worker with 3 files.
2020-04-07 15:56:27.521 INFO  c.t.hydra.Hydra - [worker.3]: Starting worker with 3 files.
2020-04-07 15:56:28.112 INFO  worker.3 - [ cache invalidate ]: org.carbonateresearch.conus.common.ParrallelModellerDispatcherActor.resultsList type was: scala.collection.mutable.ListBuffer[org.carbonateresearch.conus.common.SingleModelWithResults], now: scala.collection.mutable.ListBuffer[org.carbonateresearch.conus.oldies.OldSingleModelWithResults]
2020-04-07 15:56:28.252 INFO  worker.1 - [ cache invalidate ]: org.carbonateresearch.conus.common.ModelCalculationSpace.resultsList type was: List[org.carbonateresearch.conus.common.SingleModelWithResults], now: List[org.carbonateresearch.conus.oldies.OldSingleModelWithResults]
2020-04-07 15:56:28.438 INFO  worker.0 - [ cache invalidate ]: org.carbonateresearch.conus.common.SingleModelWithResults.copy$default$3 type was: List[org.carbonateresearch.conus.equations.Calculator] @scala.annotation.unchecked.uncheckedVariance, now: List[org.carbonateresearch.conus.common.Calculator] @scala.annotation.unchecked.uncheckedVariance
2020-04-07 15:56:28.508 INFO  worker.2 - [ cache invalidate ]: org.carbonateresearch.conus.common.ChainableCalculation.copy$default$3 type was: List[org.carbonateresearch.conus.equations.Calculator] @scala.annotation.unchecked.uncheckedVariance, now: List[org.carbonateresearch.conus.common.Calculator] @scala.annotation.unchecked.uncheckedVariance
2020-04-07 15:56:28.549 INFO  worker.1 - [ cache invalidate ]: org.carbonateresearch.conus.common.ModelCalculationSpace.resultsList type was: List[org.carbonateresearch.conus.common.SingleModelWithResults], now: List[org.carbonateresearch.conus.oldies.OldSingleModelWithResults]
2020-04-07 15:56:28.561 INFO  worker.1 - [ cache invalidate ]: org.carbonateresearch.conus.common.ModelCalculationSpace.copy$default$1 type was: List[org.carbonateresearch.conus.common.ChainableCalculation] @scala.annotation.unchecked.uncheckedVariance, now: List[org.carbonateresearch.conus.oldies.OldChainableCalculation] @scala.annotation.unchecked.uncheckedVariance
2020-04-07 15:56:28.564 INFO  worker.1 - [ cache invalidate ]: org.carbonateresearch.conus.common.ModelCalculationSpace.copy$default$3 type was: List[org.carbonateresearch.conus.common.SingleModelWithResults] @scala.annotation.unchecked.uncheckedVariance, now: List[org.carbonateresearch.conus.oldies.OldSingleModelWithResults] @scala.annotation.unchecked.uncheckedVariance
2020-04-07 15:56:28.593 INFO  worker.3 - [ cache invalidate ]: org.carbonateresearch.conus.common.ParrallelModellerDispatcherActor.resultsList type was: scala.collection.mutable.ListBuffer[org.carbonateresearch.conus.common.SingleModelWithResults], now: scala.collection.mutable.ListBuffer[org.carbonateresearch.conus.oldies.OldSingleModelWithResults]
2020-04-07 15:56:28.595 INFO  worker.2 - [ cache invalidate ]: org.carbonateresearch.conus.common.ParrallelModellerCollectorActor.resultsList type was: scala.collection.mutable.ListBuffer[org.carbonateresearch.conus.common.SingleModelWithResults], now: scala.collection.mutable.ListBuffer[org.carbonateresearch.conus.oldies.OldSingleModelWithResults]
2020-04-07 15:56:28.703 INFO  worker.2 - [ cache invalidate ]: org.carbonateresearch.conus.common.ParrallelModellerCollectorActor.resultsList type was: scala.collection.mutable.ListBuffer[org.carbonateresearch.conus.common.SingleModelWithResults], now: scala.collection.mutable.ListBuffer[org.carbonateresearch.conus.oldies.OldSingleModelWithResults]
2020-04-07 15:56:28.787 ERROR worker.0 - /Users/cedric/IdeaProjects/diagenesissim/src/main/scala/org/carbonateresearch/conus/equations/Calculator.scala:4: object OldModelResults is not a member of package org.carbonateresearch.conus.common
import org.carbonateresearch.conus.common.OldModelResults
       ^
2020-04-07 15:56:28.847 INFO  worker.3 - [ cache invalidate ]: org.carbonateresearch.conus.DiageneSim.runnedModel type was: org.carbonateresearch.conus.common.ModelCalculationSpace, now: org.carbonateresearch.conus.oldies.OldModelCalculationSpace
2020-04-07 15:56:28.859 ERROR worker.2 - /Users/cedric/IdeaProjects/diagenesissim/src/main/scala/org/carbonateresearch/conus/common/SingleModelWithResults.scala:8: type mismatch;
 found   : List[org.carbonateresearch.conus.common.Calculator]
 required: List[org.carbonateresearch.conus.equations.Calculator] @scala.annotation.unchecked.uncheckedVariance
final case class SingleModelWithResults(ID:Int, steps: List[Int], parameters: List[Calculator], results: NumericalResults){
                                                                  ^
2020-04-07 15:56:28.870 INFO  worker.3 - [ cache invalidate ]: org.carbonateresearch.conus.DiageneSim.runnedModel type was: org.carbonateresearch.conus.common.ModelCalculationSpace, now: org.carbonateresearch.conus.oldies.OldModelCalculationSpace
2020-04-07 15:56:28.928 ERROR worker.2 - /Users/cedric/IdeaProjects/diagenesissim/src/main/scala/org/carbonateresearch/conus/equations/Calculator.scala:4: object OldModelResults is not a member of package org.carbonateresearch.conus.common
import org.carbonateresearch.conus.common.OldModelResults
       ^
2020-04-07 15:56:29.094 INFO  worker.2 - Invalidating this worker because of dirty cache entries: (/Users/cedric/IdeaProjects/diagenesissim/src/main/scala/org/carbonateresearch/conus/common/SingleModelWithResults.scala,org.carbonateresearch.conus.common.SingleModelWithResults.copy$default$3)
2020-04-07 15:56:29.095 INFO  worker.2 - Respawning worker because of inconsistent reads.
2020-04-07 15:56:29.123 ERROR worker.3 - /Users/cedric/IdeaProjects/diagenesissim/src/main/scala/org/carbonateresearch/conus/common/SingleModelWithResults.scala:8: type mismatch;
 found   : List[org.carbonateresearch.conus.common.Calculator]
 required: List[org.carbonateresearch.conus.equations.Calculator] @scala.annotation.unchecked.uncheckedVariance
final case class SingleModelWithResults(ID:Int, steps: List[Int], parameters: List[Calculator], results: NumericalResults){
                                                                  ^
2020-04-07 15:56:29.188 ERROR worker.3 - /Users/cedric/IdeaProjects/diagenesissim/src/main/scala/org/carbonateresearch/conus/equations/Calculator.scala:4: object OldModelResults is not a member of package org.carbonateresearch.conus.common
import org.carbonateresearch.conus.common.OldModelResults
       ^
2020-04-07 15:56:29.320 ERROR worker.3 - /Users/cedric/IdeaProjects/diagenesissim/src/main/scala/org/carbonateresearch/conus/common/ModelCalculationSpace.scala:22: type mismatch;
 found   : List[org.carbonateresearch.conus.oldies.OldChainableCalculation]
 required: List[org.carbonateresearch.conus.common.ChainableCalculation] @scala.annotation.unchecked.uncheckedVariance
final case class ModelCalculationSpace(calculations:List[OldChainableCalculation], calibrationSets: List[ModelCalibrationSet], var results: List[OldSingleModelWithResults] = List()) {
                                       ^
2020-04-07 15:56:29.323 ERROR worker.3 - /Users/cedric/IdeaProjects/diagenesissim/src/main/scala/org/carbonateresearch/conus/common/ModelCalculationSpace.scala:22: type mismatch;
 found   : List[org.carbonateresearch.conus.oldies.OldSingleModelWithResults]
 required: List[org.carbonateresearch.conus.common.SingleModelWithResults] @scala.annotation.unchecked.uncheckedVariance
final case class ModelCalculationSpace(calculations:List[OldChainableCalculation], calibrationSets: List[ModelCalibrationSet], var results: List[OldSingleModelWithResults] = List()) {
                                                                                                                                   ^
2020-04-07 15:56:29.405 ERROR worker.3 - /Users/cedric/IdeaProjects/diagenesissim/src/main/scala/org/carbonateresearch/conus/common/ChainableCalculation.scala:11: type mismatch;
 found   : List[org.carbonateresearch.conus.common.Calculator]
 required: List[org.carbonateresearch.conus.equations.Calculator] @scala.annotation.unchecked.uncheckedVariance
final case class ChainableCalculation(ID:Int, steps:List[Int], modelParameters:List[Calculator]) {
                                                               ^
2020-04-07 15:56:29.424 INFO  worker.3 - Invalidating this worker because of dirty cache entries: (/Users/cedric/IdeaProjects/diagenesissim/src/main/scala/org/carbonateresearch/conus/common/SingleModelWithResults.scala,org.carbonateresearch.conus.common.SingleModelWithResults.copy$default$3)
(/Users/cedric/IdeaProjects/diagenesissim/src/main/scala/org/carbonateresearch/conus/common/ParrallelModellerCollectorActor.scala,org.carbonateresearch.conus.common.ParrallelModellerCollectorActor.resultsList)
(/Users/cedric/IdeaProjects/diagenesissim/src/main/scala/org/carbonateresearch/conus/common/ModelCalculationSpace.scala,org.carbonateresearch.conus.common.ModelCalculationSpace.copy$default$1)
(/Users/cedric/IdeaProjects/diagenesissim/src/main/scala/org/carbonateresearch/conus/common/ChainableCalculation.scala,org.carbonateresearch.conus.common.ChainableCalculation.copy$default$3)
(/Users/cedric/IdeaProjects/diagenesissim/src/main/scala/org/carbonateresearch/conus/common/ModelCalculationSpace.scala,org.carbonateresearch.conus.common.ModelCalculationSpace.resultsList)
(/Users/cedric/IdeaProjects/diagenesissim/src/main/scala/org/carbonateresearch/conus/common/ModelCalculationSpace.scala,org.carbonateresearch.conus.common.ModelCalculationSpace.copy$default$3)
2020-04-07 15:56:29.424 INFO  worker.3 - Respawning worker because of inconsistent reads.
2020-04-07 15:56:29.689 ERROR worker.2 - /Users/cedric/IdeaProjects/diagenesissim/src/main/scala/org/carbonateresearch/conus/equations/Calculator.scala:4: object OldModelResults is not a member of package org.carbonateresearch.conus.common
import org.carbonateresearch.conus.common.OldModelResults
       ^
2020-04-07 15:56:29.689 ERROR worker.1 - /Users/cedric/IdeaProjects/diagenesissim/src/main/scala/org/carbonateresearch/conus/common/SingleModelWithResults.scala:8: type mismatch;
 found   : List[org.carbonateresearch.conus.common.Calculator]
 required: List[org.carbonateresearch.conus.equations.Calculator] @scala.annotation.unchecked.uncheckedVariance
final case class SingleModelWithResults(ID:Int, steps: List[Int], parameters: List[Calculator], results: NumericalResults){
                                                                  ^
2020-04-07 15:56:29.718 ERROR worker.1 - /Users/cedric/IdeaProjects/diagenesissim/src/main/scala/org/carbonateresearch/conus/common/ChainableCalculation.scala:11: type mismatch;
 found   : List[org.carbonateresearch.conus.common.Calculator]
 required: List[org.carbonateresearch.conus.equations.Calculator] @scala.annotation.unchecked.uncheckedVariance
final case class ChainableCalculation(ID:Int, steps:List[Int], modelParameters:List[Calculator]) {
                                                               ^
2020-04-07 15:56:29.735 INFO  worker.1 - Invalidating this worker because of dirty cache entries: (/Users/cedric/IdeaProjects/diagenesissim/src/main/scala/org/carbonateresearch/conus/common/SingleModelWithResults.scala,org.carbonateresearch.conus.common.SingleModelWithResults.copy$default$3)
(/Users/cedric/IdeaProjects/diagenesissim/src/main/scala/org/carbonateresearch/conus/common/ChainableCalculation.scala,org.carbonateresearch.conus.common.ChainableCalculation.copy$default$3)
2020-04-07 15:56:29.735 INFO  worker.1 - Respawning worker because of inconsistent reads.
2020-04-07 15:56:29.755 INFO  worker.2 - Worker used 0 cached entries.
2020-04-07 15:56:29.755 INFO  c.t.h.WorkerThread - [worker.2]: 2214 ms 	3 sources.
2020-04-07 15:56:29.782 INFO  worker.1 - Worker used 0 cached entries.
2020-04-07 15:56:29.782 INFO  c.t.h.WorkerThread - [worker.1]: 2241 ms 	23 sources.
2020-04-07 15:56:29.804 INFO  worker.0 - Worker used 3 cached entries.
2020-04-07 15:56:29.804 INFO  c.t.h.WorkerThread - [worker.0]: 2263 ms 	3 sources.
2020-04-07 15:56:29.987 ERROR worker.3 - /Users/cedric/IdeaProjects/diagenesissim/src/main/scala/org/carbonateresearch/conus/equations/Calculator.scala:4: object OldModelResults is not a member of package org.carbonateresearch.conus.common
import org.carbonateresearch.conus.common.OldModelResults
       ^
2020-04-07 15:56:30.064 INFO  worker.3 - Worker used 0 cached entries.
2020-04-07 15:56:30.064 INFO  c.t.h.WorkerThread - [worker.3]: 2523 ms 	3 sources.
2020-04-07 15:56:30.071 INFO  c.t.h.m.GarbageCollection$ - Garbage collection duration: 68 milliseconds
2020-04-07 15:56:30.073 INFO  c.t.hydra.Hydra - Hydra compiling: 2551 ms
2020-04-07 15:57:01.119 INFO  c.t.h.c.c.ParsedLogicalPackage$OutlineParseCompiler - Outline parse 70 files in 1 roots took 20 ms.
2020-04-07 15:57:01.129 INFO  c.t.hydra.Hydra - Loaded pickle store with 139 entries.
2020-04-07 15:57:01.129 INFO  c.t.hydra.Hydra - Hydra Scala version: 2.13.1-hydra40
2020-04-07 15:57:01.129 INFO  c.t.hydra.Hydra - Hydra version:       2.2.2
2020-04-07 15:57:01.129 INFO  c.t.hydra.Hydra - Compiling project:   diagenesissim/main
2020-04-07 15:57:01.130 INFO  c.t.h.FullBuildDetector$ - Recursive - Full build detection took 1 ms.
2020-04-07 15:57:01.130 INFO  c.t.hydra.Hydra - Clean build: false
2020-04-07 15:57:01.133 INFO  c.t.h.l.HydraLicenseChecker - Days until license expiration: 72. Maximum cores: 8
2020-04-07 15:57:01.133 INFO  c.t.h.m.Metrics - Deserializing unit-timings.csv.
2020-04-07 15:57:01.135 INFO  c.t.h.m.AutoBalancer - Balanced workers with distribution (ms): 1647:1640:1644:1644
2020-04-07 15:57:01.142 INFO  c.t.hydra.Hydra - [worker.0]: Starting worker with 3 files.
2020-04-07 15:57:01.142 INFO  c.t.hydra.Hydra - [worker.1]: Starting worker with 23 files.
2020-04-07 15:57:01.142 INFO  c.t.hydra.Hydra - [worker.2]: Starting worker with 3 files.
2020-04-07 15:57:01.142 INFO  c.t.hydra.Hydra - [worker.3]: Starting worker with 3 files.
2020-04-07 15:57:01.254 INFO  worker.3 - [ cache invalidate ]: org.carbonateresearch.conus.common.ParrallelModellerDispatcherActor.resultsList type was: scala.collection.mutable.ListBuffer[org.carbonateresearch.conus.common.SingleModelWithResults], now: scala.collection.mutable.ListBuffer[org.carbonateresearch.conus.oldies.OldSingleModelWithResults]
2020-04-07 15:57:01.345 INFO  worker.1 - [ cache invalidate ]: org.carbonateresearch.conus.common.ModelCalculationSpace.resultsList type was: List[org.carbonateresearch.conus.common.SingleModelWithResults], now: List[org.carbonateresearch.conus.oldies.OldSingleModelWithResults]
2020-04-07 15:57:01.414 INFO  worker.3 - [ cache invalidate ]: org.carbonateresearch.conus.common.ParrallelModellerDispatcherActor.resultsList type was: scala.collection.mutable.ListBuffer[org.carbonateresearch.conus.common.SingleModelWithResults], now: scala.collection.mutable.ListBuffer[org.carbonateresearch.conus.oldies.OldSingleModelWithResults]
2020-04-07 15:57:01.415 INFO  worker.2 - [ cache invalidate ]: org.carbonateresearch.conus.common.ChainableCalculation.copy$default$3 type was: List[org.carbonateresearch.conus.equations.Calculator] @scala.annotation.unchecked.uncheckedVariance, now: List[org.carbonateresearch.conus.common.Calculator] @scala.annotation.unchecked.uncheckedVariance
2020-04-07 15:57:01.479 INFO  worker.2 - [ cache invalidate ]: org.carbonateresearch.conus.common.ParrallelModellerCollectorActor.resultsList type was: scala.collection.mutable.ListBuffer[org.carbonateresearch.conus.common.SingleModelWithResults], now: scala.collection.mutable.ListBuffer[org.carbonateresearch.conus.oldies.OldSingleModelWithResults]
2020-04-07 15:57:01.497 INFO  worker.1 - [ cache invalidate ]: org.carbonateresearch.conus.common.ModelCalculationSpace.resultsList type was: List[org.carbonateresearch.conus.common.SingleModelWithResults], now: List[org.carbonateresearch.conus.oldies.OldSingleModelWithResults]
2020-04-07 15:57:01.502 INFO  worker.1 - [ cache invalidate ]: org.carbonateresearch.conus.common.ModelCalculationSpace.copy$default$1 type was: List[org.carbonateresearch.conus.common.ChainableCalculation] @scala.annotation.unchecked.uncheckedVariance, now: List[org.carbonateresearch.conus.oldies.OldChainableCalculation] @scala.annotation.unchecked.uncheckedVariance
2020-04-07 15:57:01.503 INFO  worker.1 - [ cache invalidate ]: org.carbonateresearch.conus.common.ModelCalculationSpace.copy$default$3 type was: List[org.carbonateresearch.conus.common.SingleModelWithResults] @scala.annotation.unchecked.uncheckedVariance, now: List[org.carbonateresearch.conus.oldies.OldSingleModelWithResults] @scala.annotation.unchecked.uncheckedVariance
2020-04-07 15:57:01.530 INFO  worker.2 - [ cache invalidate ]: org.carbonateresearch.conus.common.ParrallelModellerCollectorActor.resultsList type was: scala.collection.mutable.ListBuffer[org.carbonateresearch.conus.common.SingleModelWithResults], now: scala.collection.mutable.ListBuffer[org.carbonateresearch.conus.oldies.OldSingleModelWithResults]
2020-04-07 15:57:01.540 INFO  worker.3 - [ cache invalidate ]: org.carbonateresearch.conus.DiageneSim.runnedModel type was: org.carbonateresearch.conus.common.ModelCalculationSpace, now: org.carbonateresearch.conus.oldies.OldModelCalculationSpace
2020-04-07 15:57:01.543 ERROR worker.0 - /Users/cedric/IdeaProjects/diagenesissim/src/main/scala/org/carbonateresearch/conus/equations/Calculator.scala:4: object OldModelResults is not a member of package org.carbonateresearch.conus.common
import org.carbonateresearch.conus.common.OldModelResults
       ^
2020-04-07 15:57:01.552 INFO  worker.3 - [ cache invalidate ]: org.carbonateresearch.conus.DiageneSim.runnedModel type was: org.carbonateresearch.conus.common.ModelCalculationSpace, now: org.carbonateresearch.conus.oldies.OldModelCalculationSpace
2020-04-07 15:57:01.594 ERROR worker.2 - /Users/cedric/IdeaProjects/diagenesissim/src/main/scala/org/carbonateresearch/conus/equations/Calculator.scala:4: object OldModelResults is not a member of package org.carbonateresearch.conus.common
import org.carbonateresearch.conus.common.OldModelResults
       ^
2020-04-07 15:57:01.711 ERROR worker.3 - /Users/cedric/IdeaProjects/diagenesissim/src/main/scala/org/carbonateresearch/conus/equations/Calculator.scala:4: object OldModelResults is not a member of package org.carbonateresearch.conus.common
import org.carbonateresearch.conus.common.OldModelResults
       ^
2020-04-07 15:57:01.787 ERROR worker.3 - /Users/cedric/IdeaProjects/diagenesissim/src/main/scala/org/carbonateresearch/conus/common/ModelCalculationSpace.scala:22: type mismatch;
 found   : List[org.carbonateresearch.conus.oldies.OldChainableCalculation]
 required: List[org.carbonateresearch.conus.common.ChainableCalculation] @scala.annotation.unchecked.uncheckedVariance
final case class ModelCalculationSpace(calculations:List[OldChainableCalculation], calibrationSets: List[ModelCalibrationSet], var results: List[OldSingleModelWithResults] = List()) {
                                       ^
2020-04-07 15:57:01.789 ERROR worker.3 - /Users/cedric/IdeaProjects/diagenesissim/src/main/scala/org/carbonateresearch/conus/common/ModelCalculationSpace.scala:22: type mismatch;
 found   : List[org.carbonateresearch.conus.oldies.OldSingleModelWithResults]
 required: List[org.carbonateresearch.conus.common.SingleModelWithResults] @scala.annotation.unchecked.uncheckedVariance
final case class ModelCalculationSpace(calculations:List[OldChainableCalculation], calibrationSets: List[ModelCalibrationSet], var results: List[OldSingleModelWithResults] = List()) {
                                                                                                                                   ^
2020-04-07 15:57:01.847 INFO  worker.3 - Invalidating this worker because of dirty cache entries: (/Users/cedric/IdeaProjects/diagenesissim/src/main/scala/org/carbonateresearch/conus/common/ParrallelModellerCollectorActor.scala,org.carbonateresearch.conus.common.ParrallelModellerCollectorActor.resultsList)
(/Users/cedric/IdeaProjects/diagenesissim/src/main/scala/org/carbonateresearch/conus/common/ModelCalculationSpace.scala,org.carbonateresearch.conus.common.ModelCalculationSpace.copy$default$1)
(/Users/cedric/IdeaProjects/diagenesissim/src/main/scala/org/carbonateresearch/conus/common/ChainableCalculation.scala,org.carbonateresearch.conus.common.ChainableCalculation.copy$default$3)
(/Users/cedric/IdeaProjects/diagenesissim/src/main/scala/org/carbonateresearch/conus/common/ModelCalculationSpace.scala,org.carbonateresearch.conus.common.ModelCalculationSpace.resultsList)
(/Users/cedric/IdeaProjects/diagenesissim/src/main/scala/org/carbonateresearch/conus/common/ModelCalculationSpace.scala,org.carbonateresearch.conus.common.ModelCalculationSpace.copy$default$3)
2020-04-07 15:57:01.847 INFO  worker.3 - Respawning worker because of inconsistent reads.
2020-04-07 15:57:02.140 ERROR worker.1 - /Users/cedric/IdeaProjects/diagenesissim/src/main/scala/org/carbonateresearch/conus/common/ChainableCalculation.scala:11: type mismatch;
 found   : List[org.carbonateresearch.conus.common.Calculator]
 required: List[org.carbonateresearch.conus.equations.Calculator] @scala.annotation.unchecked.uncheckedVariance
final case class ChainableCalculation(ID:Int, steps:List[Int], modelParameters:List[Calculator]) {
                                                               ^
2020-04-07 15:57:02.162 INFO  worker.1 - Invalidating this worker because of dirty cache entries: (/Users/cedric/IdeaProjects/diagenesissim/src/main/scala/org/carbonateresearch/conus/common/ChainableCalculation.scala,org.carbonateresearch.conus.common.ChainableCalculation.copy$default$3)
2020-04-07 15:57:02.162 INFO  worker.1 - Respawning worker because of inconsistent reads.
2020-04-07 15:57:02.335 ERROR worker.3 - /Users/cedric/IdeaProjects/diagenesissim/src/main/scala/org/carbonateresearch/conus/equations/Calculator.scala:4: object OldModelResults is not a member of package org.carbonateresearch.conus.common
import org.carbonateresearch.conus.common.OldModelResults
       ^
2020-04-07 15:57:02.497 INFO  worker.0 - Worker used 3 cached entries.
2020-04-07 15:57:02.497 INFO  c.t.h.WorkerThread - [worker.0]: 1354 ms 	3 sources.
2020-04-07 15:57:02.504 INFO  worker.2 - Worker used 13 cached entries.
2020-04-07 15:57:02.505 INFO  c.t.h.WorkerThread - [worker.2]: 1361 ms 	3 sources.
2020-04-07 15:57:02.622 INFO  worker.3 - Worker used 0 cached entries.
2020-04-07 15:57:02.623 INFO  c.t.h.WorkerThread - [worker.3]: 1479 ms 	3 sources.
2020-04-07 15:57:02.878 INFO  worker.1 - Worker used 0 cached entries.
2020-04-07 15:57:02.878 INFO  c.t.h.WorkerThread - [worker.1]: 1735 ms 	23 sources.
2020-04-07 15:57:02.878 INFO  c.t.h.m.GarbageCollection$ - Garbage collection duration: 88 milliseconds
2020-04-07 15:57:02.878 INFO  c.t.hydra.Hydra - Hydra compiling: 1736 ms
2020-04-07 15:58:05.784 INFO  c.t.h.c.c.ParsedLogicalPackage$OutlineParseCompiler - Outline parse 70 files in 1 roots took 10 ms.
2020-04-07 15:58:05.794 INFO  c.t.hydra.Hydra - Loaded pickle store with 139 entries.
2020-04-07 15:58:05.794 INFO  c.t.hydra.Hydra - Hydra Scala version: 2.13.1-hydra40
2020-04-07 15:58:05.794 INFO  c.t.hydra.Hydra - Hydra version:       2.2.2
2020-04-07 15:58:05.794 INFO  c.t.hydra.Hydra - Compiling project:   diagenesissim/main
2020-04-07 15:58:05.794 INFO  c.t.h.FullBuildDetector$ - Recursive - Full build detection took 0 ms.
2020-04-07 15:58:05.794 INFO  c.t.hydra.Hydra - Clean build: false
2020-04-07 15:58:05.796 INFO  c.t.h.l.HydraLicenseChecker - Days until license expiration: 72. Maximum cores: 8
2020-04-07 15:58:05.797 INFO  c.t.h.m.Metrics - Deserializing unit-timings.csv.
2020-04-07 15:58:05.799 INFO  c.t.h.m.AutoBalancer - Balanced workers with distribution (ms): 1647:1640:1644:1644
2020-04-07 15:58:05.806 INFO  c.t.hydra.Hydra - [worker.0]: Starting worker with 3 files.
2020-04-07 15:58:05.806 INFO  c.t.hydra.Hydra - [worker.1]: Starting worker with 23 files.
2020-04-07 15:58:05.806 INFO  c.t.hydra.Hydra - [worker.2]: Starting worker with 3 files.
2020-04-07 15:58:05.807 INFO  c.t.hydra.Hydra - [worker.3]: Starting worker with 3 files.
2020-04-07 15:58:05.955 INFO  worker.1 - [ cache invalidate ]: org.carbonateresearch.conus.common.ModelCalculationSpace.resultsList type was: List[org.carbonateresearch.conus.common.SingleModelWithResults], now: List[org.carbonateresearch.conus.oldies.OldSingleModelWithResults]
2020-04-07 15:58:06.085 INFO  worker.1 - [ cache invalidate ]: org.carbonateresearch.conus.common.ModelCalculationSpace.resultsList type was: List[org.carbonateresearch.conus.common.SingleModelWithResults], now: List[org.carbonateresearch.conus.oldies.OldSingleModelWithResults]
2020-04-07 15:58:06.095 INFO  worker.1 - [ cache invalidate ]: org.carbonateresearch.conus.common.ModelCalculationSpace.copy$default$1 type was: List[org.carbonateresearch.conus.common.ChainableCalculation] @scala.annotation.unchecked.uncheckedVariance, now: List[org.carbonateresearch.conus.oldies.OldChainableCalculation] @scala.annotation.unchecked.uncheckedVariance
2020-04-07 15:58:06.096 INFO  worker.1 - [ cache invalidate ]: org.carbonateresearch.conus.common.ModelCalculationSpace.copy$default$3 type was: List[org.carbonateresearch.conus.common.SingleModelWithResults] @scala.annotation.unchecked.uncheckedVariance, now: List[org.carbonateresearch.conus.oldies.OldSingleModelWithResults] @scala.annotation.unchecked.uncheckedVariance
2020-04-07 15:58:06.144 ERROR worker.0 - /Users/cedric/IdeaProjects/diagenesissim/src/main/scala/org/carbonateresearch/conus/equations/Calculator.scala:4: object OldModelResults is not a member of package org.carbonateresearch.conus.common
import org.carbonateresearch.conus.common.OldModelResults
       ^
2020-04-07 15:58:06.251 ERROR worker.2 - /Users/cedric/IdeaProjects/diagenesissim/src/main/scala/org/carbonateresearch/conus/equations/Calculator.scala:4: object OldModelResults is not a member of package org.carbonateresearch.conus.common
import org.carbonateresearch.conus.common.OldModelResults
       ^
2020-04-07 15:58:06.254 ERROR worker.3 - /Users/cedric/IdeaProjects/diagenesissim/src/main/scala/org/carbonateresearch/conus/equations/Calculator.scala:4: object OldModelResults is not a member of package org.carbonateresearch.conus.common
import org.carbonateresearch.conus.common.OldModelResults
       ^
2020-04-07 15:58:06.502 INFO  worker.0 - Worker used 3 cached entries.
2020-04-07 15:58:06.504 INFO  c.t.h.WorkerThread - [worker.0]: 697 ms 	3 sources.
2020-04-07 15:58:06.617 INFO  worker.2 - Worker used 13 cached entries.
2020-04-07 15:58:06.617 INFO  c.t.h.WorkerThread - [worker.2]: 810 ms 	3 sources.
2020-04-07 15:58:06.660 ERROR worker.1 - 
Found null type during super accessors: v.get.map(((i: org.carbonateresearch.conus.equations.parametersIO.CalculationParametersIOLabels) => {
  val j: org.carbonateresearch.conus.equations.parametersIO.CalculationParametersIOLabels = i match {
    case (j @ (_: Previous)) => j.input
    case _ => i
  };
  if (parameterList.contains(j))
    ""
  else
    "Parameter \'".+(j.toString).$plus("\' missing or out of sequence when calculating \'").$plus(outputs.map(((o: org.carbonateresearch.conus.equations.parametersIO.CalculationParametersIOLabels) => o.toString)).mkString(", ")).$plus("\'").$plus(<EOL: error>)
})).mkString

Hydra errors so far: false
Hydra all workers past typer: true, phase superaccessors
Late file errors: false

     
                 
2020-04-07 15:58:06.670 ERROR worker.1 - TRANSFORM: /Users/cedric/IdeaProjects/diagenesissim/src/main/scala/org/carbonateresearch/conus/oldies/OldCalculator.scala
2020-04-07 15:58:06.673 ERROR worker.1 - TRANSFORM: /Users/cedric/IdeaProjects/diagenesissim/src/main/scala/org/carbonateresearch/conus/oldies/OldCalculator.scala
2020-04-07 15:58:06.680 ERROR worker.1 - TRANSFORM: /Users/cedric/IdeaProjects/diagenesissim/src/main/scala/org/carbonateresearch/conus/oldies/OldCalculator.scala
2020-04-07 15:58:06.682 ERROR worker.1 - TRANSFORM: /Users/cedric/IdeaProjects/diagenesissim/src/main/scala/org/carbonateresearch/conus/oldies/OldCalculator.scala
2020-04-07 15:58:06.684 ERROR worker.1 - TRANSFORM: null
2020-04-07 15:58:06.697 INFO  worker.3 - Worker used 31 cached entries.
2020-04-07 15:58:06.697 INFO  c.t.h.WorkerThread - [worker.3]: 889 ms 	3 sources.
2020-04-07 15:58:06.737 ERROR worker.1 - 
Exception while running phase superaccessors on  file OldCalculator.scala

Hydra errors so far: false
Hydra all workers past typer: true, phase superaccessors
Late file errors: false

     
               
java.lang.AssertionError: assertion failed: 
  v.get.map(((i: org.carbonateresearch.conus.equations.parametersIO.CalculationParametersIOLabels) => {
  val j: org.carbonateresearch.conus.equations.parametersIO.CalculationParametersIOLabels = i match {
    case (j @ (_: Previous)) => j.input
    case _ => i
  };
  if (parameterList.contains(j))
    ""
  else
    "Parameter \'".+(j.toString).$plus("\' missing or out of sequence when calculating \'").$plus(outputs.map(((o: org.carbonateresearch.conus.equations.parametersIO.CalculationParametersIOLabels) => o.toString)).mkString(", ")).$plus("\'").$plus(<EOL: error>)
})).mkString("")
     while compiling: /Users/cedric/IdeaProjects/diagenesissim/src/main/scala/org/carbonateresearch/conus/oldies/OldCalculator.scala
        during phase: superaccessors
     library version: version 2.13.1
    compiler version: version 2.13.1-hydra40
  reconstructed args: -sourcepath /Users/cedric/IdeaProjects/diagenesissim/src/main/scala -classpath /Users/cedric/IdeaProjects/diagenesissim/target/scala-2.13/classes:/Users/cedric/.ivy2/cache/com.typesafe/config/bundles/config-1.4.0.jar:/Users/cedric/.ivy2/cache/com.chuusai/shapeless_2.13/bundles/shapeless_2.13-2.3.3.jar:/Users/cedric/.ivy2/cache/org.typelevel/cats-macros_2.13/jars/cats-macros_2.13-2.0.0.jar:/Users/cedric/.ivy2/cache/org.typelevel/cats-kernel_2.13/jars/cats-kernel_2.13-2.0.0.jar:/Users/cedric/.ivy2/cache/org.typelevel/cats-effect_2.13/jars/cats-effect_2.13-2.0.0.jar:/Users/cedric/.ivy2/cache/org.typelevel/cats-core_2.13/jars/cats-core_2.13-2.0.0.jar:/Users/cedric/.ivy2/cache/org.scala-lang/scala-reflect/jars/scala-reflect-2.13.1.jar:/Users/cedric/.ivy2/cache/org.reactivestreams/reactive-streams/jars/reactive-streams-1.0.3.jar:/Users/cedric/.ivy2/cache/org.jctools/jctools-core/bundles/jctools-core-2.1.2.jar:/Users/cedric/.ivy2/cache/io.monix/monix_2.13/jars/monix_2.13-3.1.0-2156c0e.jar:/Users/cedric/.ivy2/cache/io.monix/monix-tail_2.13/jars/monix-tail_2.13-3.1.0-2156c0e.jar:/Users/cedric/.ivy2/cache/io.monix/monix-reactive_2.13/jars/monix-reactive_2.13-3.1.0-2156c0e.jar:/Users/cedric/.ivy2/cache/io.monix/monix-java_2.13/jars/monix-java_2.13-3.1.0-2156c0e.jar:/Users/cedric/.ivy2/cache/io.monix/monix-execution_2.13/jars/monix-execution_2.13-3.1.0-2156c0e.jar:/Users/cedric/.ivy2/cache/io.monix/monix-eval_2.13/jars/monix-eval_2.13-3.1.0-2156c0e.jar:/Users/cedric/.ivy2/cache/io.monix/monix-catnap_2.13/jars/monix-catnap_2.13-3.1.0-2156c0e.jar:/Users/cedric/.ivy2/cache/io.monix/implicitbox_2.13/jars/implicitbox_2.13-0.1.0.jar:/Users/cedric/.ivy2/cache/org.scala-lang.modules/scala-java8-compat_2.13/jars/scala-java8-compat_2.13-0.9.0.jar:/Users/cedric/.ivy2/cache/org.scala-lang/scala-library/jars/scala-library-2.13.1.jar:/Users/cedric/.ivy2/cache/com.typesafe.akka/akka-actor_2.13/jars/akka-actor_2.13-2.6.1.jar:/Users/cedric/.ivy2/cache/org.scala-lang.modules/scala-parallel-collections_2.13/jars/scala-parallel-collections_2.13-0.2.0.jar -cpus 4 -YtimingsFile /Users/cedric/IdeaProjects/diagenesissim/.hydra/idea/timings.csv -YhydraTag diagenesissim/main -YpartitionFile /Users/cedric/IdeaProjects/diagenesissim/.hydra/idea/diagenesissim -YrootDirectory /Users/cedric/IdeaProjects/diagenesissim -YhydraStore /Users/cedric/IdeaProjects/diagenesissim/.hydra/idea/diagenesissim/main

  last tree to typer: Literal(Constant(org.carbonateresearch.conus.common.ChainableCalculation.type))
       tree position: line 11 of /Users/cedric/IdeaProjects/diagenesissim/src/main/scala/org/carbonateresearch/conus/common/ChainableCalculation.scala
            tree tpe: Class[org.carbonateresearch.conus.common.ChainableCalculation.type](classOf[org.carbonateresearch.conus.common.ChainableCalculation$])
              symbol: null
           call site: method checkForError in trait OldCalculator in package oldies

== Source file context for tree position ==

     8 import org.carbonateresearch.conus.util.CommonModelVariables.NumberOfSteps
     9 import shapeless.HMap
    10 
    11 final case class ChainableCalculation(ID:Int, steps:List[Int], modelParameters:List[Calculator]) {
    12 
    13   def next(nextModelParameters: Calculator*): ChainableCalculation = {
    14 
	at scala.reflect.internal.SymbolTable.throwAssertionError(SymbolTable.scala:170)
	at scala.reflect.internal.SymbolTable.assert(SymbolTable.scala:156)
	at scala.tools.nsc.typechecker.SuperAccessors$SuperAccTransformer.transform(SuperAccessors.scala:451)
	at scala.tools.nsc.typechecker.SuperAccessors$SuperAccTransformer.transform(SuperAccessors.scala:273)
	at scala.tools.nsc.typechecker.SuperAccessors$SuperAccTransformer.transform(SuperAccessors.scala:92)
	at scala.reflect.api.Trees$Transformer.$anonfun$transformCaseDefs$1(Trees.scala:2606)
	at scala.collection.immutable.List.mapConserve(List.scala:444)
	at scala.reflect.api.Trees$Transformer.transformCaseDefs(Trees.scala:2606)
	at scala.reflect.internal.Trees$Match.transform(Trees.scala:671)
	at scala.tools.nsc.transform.TypingTransformers$TypingTransformer.transform(TypingTransformers.scala:51)
	at scala.tools.nsc.typechecker.SuperAccessors$SuperAccTransformer.transform(SuperAccessors.scala:467)
	at scala.tools.nsc.typechecker.SuperAccessors$SuperAccTransformer.transform(SuperAccessors.scala:92)
	at scala.reflect.internal.Trees$ValDef.$anonfun$transform$4(Trees.scala:414)
	at scala.reflect.api.Trees$Transformer.atOwner(Trees.scala:2625)
	at scala.tools.nsc.transform.TypingTransformers$TypingTransformer.atOwner(TypingTransformers.scala:37)
	at scala.tools.nsc.typechecker.SuperAccessors$SuperAccTransformer.atOwner(SuperAccessors.scala:492)
	at scala.tools.nsc.transform.TypingTransformers$TypingTransformer.atOwner(TypingTransformers.scala:32)
	at scala.tools.nsc.transform.TypingTransformers$TypingTransformer.atOwner(TypingTransformers.scala:24)
	at scala.reflect.internal.Trees$ValDef.transform(Trees.scala:413)
	at scala.tools.nsc.transform.TypingTransformers$TypingTransformer.transform(TypingTransformers.scala:51)
	at scala.tools.nsc.typechecker.SuperAccessors$SuperAccTransformer.transform(SuperAccessors.scala:467)
	at scala.tools.nsc.typechecker.SuperAccessors$SuperAccTransformer.transform(SuperAccessors.scala:92)
	at scala.reflect.api.Trees$Transformer.$anonfun$transformStats$1(Trees.scala:2614)
	at scala.collection.immutable.List.mapConserve(List.scala:444)
	at scala.reflect.api.Trees$Transformer.transformStats(Trees.scala:2612)
	at scala.reflect.internal.Trees$Block.transform(Trees.scala:536)
	at scala.tools.nsc.transform.TypingTransformers$TypingTransformer.transform(TypingTransformers.scala:51)
	at scala.tools.nsc.typechecker.SuperAccessors$SuperAccTransformer.transform(SuperAccessors.scala:467)
	at scala.tools.nsc.typechecker.SuperAccessors$SuperAccTransformer.transform(SuperAccessors.scala:92)
	at scala.reflect.internal.Trees$DefDef.$anonfun$transform$5(Trees.scala:434)
	at scala.reflect.api.Trees$Transformer.atOwner(Trees.scala:2625)
	at scala.tools.nsc.transform.TypingTransformers$TypingTransformer.atOwner(TypingTransformers.scala:37)
	at scala.tools.nsc.typechecker.SuperAccessors$SuperAccTransformer.atOwner(SuperAccessors.scala:492)
	at scala.tools.nsc.transform.TypingTransformers$TypingTransformer.atOwner(TypingTransformers.scala:32)
	at scala.tools.nsc.transform.TypingTransformers$TypingTransformer.atOwner(TypingTransformers.scala:24)
	at scala.reflect.internal.Trees$DefDef.transform(Trees.scala:432)
	at scala.tools.nsc.transform.TypingTransformers$TypingTransformer.transform(TypingTransformers.scala:51)
	at scala.tools.nsc.typechecker.SuperAccessors$SuperAccTransformer.transform(SuperAccessors.scala:467)
	at scala.tools.nsc.typechecker.SuperAccessors$SuperAccTransformer.transform(SuperAccessors.scala:92)
	at scala.reflect.api.Trees$Transformer.$anonfun$transformTrees$1(Trees.scala:2583)
	at scala.collection.immutable.List.mapConserve(List.scala:444)
	at scala.reflect.api.Trees$Transformer.transformTrees(Trees.scala:2583)
	at scala.tools.nsc.typechecker.SuperAccessors$SuperAccTransformer.$anonfun$transform$4(SuperAccessors.scala:308)
	at scala.reflect.api.Trees$Transformer.atOwner(Trees.scala:2625)
	at scala.tools.nsc.transform.TypingTransformers$TypingTransformer.atOwner(TypingTransformers.scala:37)
	at scala.tools.nsc.typechecker.SuperAccessors$SuperAccTransformer.atOwner(SuperAccessors.scala:492)
	at scala.tools.nsc.transform.TypingTransformers$TypingTransformer.atOwner(TypingTransformers.scala:32)
	at scala.tools.nsc.typechecker.SuperAccessors$SuperAccTransformer.transformTemplate$1(SuperAccessors.scala:308)
	at scala.tools.nsc.typechecker.SuperAccessors$SuperAccTransformer.transform(SuperAccessors.scala:313)
	at scala.tools.nsc.typechecker.SuperAccessors$SuperAccTransformer.transform(SuperAccessors.scala:92)
	at scala.reflect.api.Trees$Transformer.transformTemplate(Trees.scala:2587)
	at scala.reflect.internal.Trees$ClassDef.$anonfun$transform$2(Trees.scala:342)
	at scala.reflect.api.Trees$Transformer.atOwner(Trees.scala:2625)
	at scala.tools.nsc.transform.TypingTransformers$TypingTransformer.atOwner(TypingTransformers.scala:37)
	at scala.tools.nsc.typechecker.SuperAccessors$SuperAccTransformer.atOwner(SuperAccessors.scala:492)
	at scala.tools.nsc.transform.TypingTransformers$TypingTransformer.atOwner(TypingTransformers.scala:32)
	at scala.tools.nsc.transform.TypingTransformers$TypingTransformer.atOwner(TypingTransformers.scala:24)
	at scala.reflect.internal.Trees$ClassDef.transform(Trees.scala:341)
	at scala.tools.nsc.transform.TypingTransformers$TypingTransformer.transform(TypingTransformers.scala:51)
	at scala.tools.nsc.typechecker.SuperAccessors$SuperAccTransformer.transformClassDef$1(SuperAccessors.scala:290)
	at scala.tools.nsc.typechecker.SuperAccessors$SuperAccTransformer.transform(SuperAccessors.scala:292)
	at scala.tools.nsc.typechecker.SuperAccessors$SuperAccTransformer.transform(SuperAccessors.scala:92)
	at scala.reflect.api.Trees$Transformer.$anonfun$transformStats$1(Trees.scala:2614)
	at scala.collection.immutable.List.mapConserve(List.scala:444)
	at scala.reflect.api.Trees$Transformer.transformStats(Trees.scala:2612)
	at scala.reflect.internal.Trees$PackageDef.$anonfun$transform$1(Trees.scala:323)
	at scala.reflect.api.Trees$Transformer.atOwner(Trees.scala:2625)
	at scala.tools.nsc.transform.TypingTransformers$TypingTransformer.atOwner(TypingTransformers.scala:37)
	at scala.tools.nsc.typechecker.SuperAccessors$SuperAccTransformer.atOwner(SuperAccessors.scala:492)
	at scala.tools.nsc.transform.TypingTransformers$TypingTransformer.atOwner(TypingTransformers.scala:32)
	at scala.tools.nsc.transform.TypingTransformers$TypingTransformer.atOwner(TypingTransformers.scala:24)
	at scala.reflect.internal.Trees$PackageDef.transform(Trees.scala:323)
	at scala.tools.nsc.transform.TypingTransformers$TypingTransformer.$anonfun$transform$2(TypingTransformers.scala:49)
	at scala.reflect.api.Trees$Transformer.atOwner(Trees.scala:2625)
	at scala.tools.nsc.transform.TypingTransformers$TypingTransformer.atOwner(TypingTransformers.scala:37)
	at scala.tools.nsc.typechecker.SuperAccessors$SuperAccTransformer.atOwner(SuperAccessors.scala:492)
	at scala.tools.nsc.transform.TypingTransformers$TypingTransformer.atOwner(TypingTransformers.scala:32)
	at scala.tools.nsc.transform.TypingTransformers$TypingTransformer.transform(TypingTransformers.scala:49)
	at scala.tools.nsc.typechecker.SuperAccessors$SuperAccTransformer.transform(SuperAccessors.scala:467)
	at scala.tools.nsc.ast.Trees$Transformer.transformUnit(Trees.scala:162)
	at scala.tools.nsc.typechecker.SuperAccessors$SuperAccTransformer.transformUnit(SuperAccessors.scala:105)
	at scala.tools.nsc.transform.Transform$Phase.apply(Transform.scala:36)
	at scala.tools.nsc.Global$GlobalPhase.applyPhase(Global.scala:568)
	at scala.tools.nsc.Global$GlobalPhase.run(Global.scala:506)
	at scala.tools.nsc.Global$Run.compileUnitsInternal(Global.scala:1683)
	at scala.tools.nsc.Global$Run.compileUnits(Global.scala:1657)
	at scala.tools.nsc.Global$Run.compileSources(Global.scala:1649)
	at scala.tools.nsc.Global$Run.compile(Global.scala:1894)
	at com.triplequote.hydra.compiler.ScalaWorker$ScalaCompilationRound.compile(ScalaWorker.scala:124)
	at com.triplequote.hydra.compiler.ScalaWorker.compile(ScalaWorker.scala:72)
	at com.triplequote.hydra.WorkerThread.$anonfun$run$1(WorkerThread.scala:43)
	at scala.runtime.java8.JFunction0$mcV$sp.apply(JFunction0$mcV$sp.scala:18)
	at com.triplequote.hydra.compiler.utils.Utils$.timed(Utils.scala:34)
	at com.triplequote.hydra.WorkerThread.run(WorkerThread.scala:43)
2020-04-07 15:58:06.738 ERROR worker.1 - Worker crashed, potentially due to cached types.
   Cached entries: (/Users/cedric/IdeaProjects/diagenesissim/src/main/scala/org/carbonateresearch/conus/common/ChainableCalculation.scala,org.carbonateresearch.conus.common.ChainableCalculation.copy$default$2)(/Users/cedric/IdeaProjects/diagenesissim/src/main/scala/org/carbonateresearch/conus/common/SingleModelWithResults.scala,org.carbonateresearch.conus.common.SingleModelWithResults.copy$default$1)(/Users/cedric/IdeaProjects/diagenesissim/src/main/scala/org/carbonateresearch/conus/common/SingleModelWithResults.scala,org.carbonateresearch.conus.common.SingleModelWithResults.copy$default$3)(/Users/cedric/IdeaProjects/diagenesissim/src/main/scala/org/carbonateresearch/conus/common/ChainableCalculation.scala,org.carbonateresearch.conus.common.ChainableCalculation.copy$default$3)(/Users/cedric/IdeaProjects/diagenesissim/src/main/scala/org/carbonateresearch/conus/common/ChainableCalculation.scala,org.carbonateresearch.conus.common.ChainableCalculation.toString)(/Users/cedric/IdeaProjects/diagenesissim/src/main/scala/org/carbonateresearch/conus/common/ChainableCalculation.scala,org.carbonateresearch.conus.common.ChainableCalculation.copy$default$1)(/Users/cedric/IdeaProjects/diagenesissim/src/main/scala/org/carbonateresearch/conus/common/SingleModelWithResults.scala,org.carbonateresearch.conus.common.SingleModelWithResults.copy$default$4)(/Users/cedric/IdeaProjects/diagenesissim/src/main/scala/org/carbonateresearch/conus/common/ChainableCalculation.scala,org.carbonateresearch.conus.common.ChainableCalculation.copy)(/Users/cedric/IdeaProjects/diagenesissim/src/main/scala/org/carbonateresearch/conus/common/SingleModelWithResults.scala,org.carbonateresearch.conus.common.SingleModelWithResults.toString)(/Users/cedric/IdeaProjects/diagenesissim/src/main/scala/org/carbonateresearch/conus/common/SingleModelWithResults.scala,org.carbonateresearch.conus.common.SingleModelWithResults.copy)(/Users/cedric/IdeaProjects/diagenesissim/src/main/scala/org/carbonateresearch/conus/common/SingleModelWithResults.scala,org.carbonateresearch.conus.common.SingleModelWithResults.copy$default$2)
   Buffered errors: pos: RangePosition(/Users/cedric/IdeaProjects/diagenesissim/src/main/scala/org/carbonateresearch/conus/equations/Calculator.scala, 147, 154, 154) object OldModelResults is not a member of package org.carbonateresearch.conus.common ERROR
pos: source-/Users/cedric/IdeaProjects/diagenesissim/src/main/scala/org/carbonateresearch/conus/equations/CalculateStepValue.scala,line-36,offset=1347 non-variable type argument Double in type pattern Double => Double is unchecked since it is eliminated by erasure WARNING
pos: source-/Users/cedric/IdeaProjects/diagenesissim/src/main/scala/org/carbonateresearch/conus/equations/CalculateStepValue.scala,line-37,offset=1409 non-variable type argument Double in type pattern (Double, Double) => Double is unchecked since it is eliminated by erasure WARNING
pos: source-/Users/cedric/IdeaProjects/diagenesissim/src/main/scala/org/carbonateresearch/conus/equations/CalculateStepValue.scala,line-38,offset=1488 non-variable type argument Double in type pattern (Double, Double, Double) => Double is unchecked since it is eliminated by erasure WARNING
pos: source-/Users/cedric/IdeaProjects/diagenesissim/src/main/scala/org/carbonateresearch/conus/equations/CalculateStepValue.scala,line-39,offset=1585 non-variable type argument Double in type pattern (Double, Double, Double, Double) => Double is unchecked since it is eliminated by erasure WARNING
pos: source-/Users/cedric/IdeaProjects/diagenesissim/src/main/scala/org/carbonateresearch/conus/oldies/OldCalculator.scala,line-26,offset=1081 not found: value EOL ERROR

2020-04-07 15:58:06.738 INFO  worker.1 - Respawning worker because of inconsistent reads.
2020-04-07 15:58:07.495 INFO  worker.1 - Worker used 0 cached entries.
2020-04-07 15:58:07.495 INFO  c.t.h.WorkerThread - [worker.1]: 1688 ms 	23 sources.
2020-04-07 15:58:07.496 INFO  c.t.h.m.GarbageCollection$ - Garbage collection duration: 71 milliseconds
2020-04-07 15:58:07.496 INFO  c.t.hydra.Hydra - Hydra compiling: 1690 ms
2020-04-07 15:58:57.134 INFO  c.t.h.c.c.ParsedLogicalPackage$OutlineParseCompiler - Outline parse 70 files in 1 roots took 9 ms.
2020-04-07 15:58:57.139 INFO  c.t.hydra.Hydra - Loaded pickle store with 139 entries.
2020-04-07 15:58:57.139 INFO  c.t.hydra.Hydra - Hydra Scala version: 2.13.1-hydra40
2020-04-07 15:58:57.139 INFO  c.t.hydra.Hydra - Hydra version:       2.2.2
2020-04-07 15:58:57.139 INFO  c.t.hydra.Hydra - Compiling project:   diagenesissim/main
2020-04-07 15:58:57.139 INFO  c.t.h.FullBuildDetector$ - Recursive - Full build detection took 0 ms.
2020-04-07 15:58:57.139 INFO  c.t.hydra.Hydra - Clean build: false
2020-04-07 15:58:57.141 INFO  c.t.h.l.HydraLicenseChecker - Days until license expiration: 72. Maximum cores: 8
2020-04-07 15:58:57.141 INFO  c.t.h.m.Metrics - Deserializing unit-timings.csv.
2020-04-07 15:58:57.143 INFO  c.t.h.m.AutoBalancer - Balanced workers with distribution (ms): 1647:1640:1644:1644
2020-04-07 15:58:57.146 INFO  c.t.hydra.Hydra - [worker.0]: Starting worker with 3 files.
2020-04-07 15:58:57.146 INFO  c.t.hydra.Hydra - [worker.1]: Starting worker with 23 files.
2020-04-07 15:58:57.146 INFO  c.t.hydra.Hydra - [worker.2]: Starting worker with 3 files.
2020-04-07 15:58:57.146 INFO  c.t.hydra.Hydra - [worker.3]: Starting worker with 3 files.
2020-04-07 15:58:57.251 INFO  worker.1 - [ cache invalidate ]: org.carbonateresearch.conus.common.ModelCalculationSpace.resultsList type was: List[org.carbonateresearch.conus.common.SingleModelWithResults], now: List[org.carbonateresearch.conus.oldies.OldSingleModelWithResults]
2020-04-07 15:58:57.332 INFO  worker.1 - [ cache invalidate ]: org.carbonateresearch.conus.common.ModelCalculationSpace.resultsList type was: List[org.carbonateresearch.conus.common.SingleModelWithResults], now: List[org.carbonateresearch.conus.oldies.OldSingleModelWithResults]
2020-04-07 15:58:57.335 INFO  worker.1 - [ cache invalidate ]: org.carbonateresearch.conus.common.ModelCalculationSpace.copy$default$1 type was: List[org.carbonateresearch.conus.common.ChainableCalculation] @scala.annotation.unchecked.uncheckedVariance, now: List[org.carbonateresearch.conus.oldies.OldChainableCalculation] @scala.annotation.unchecked.uncheckedVariance
2020-04-07 15:58:57.336 INFO  worker.1 - [ cache invalidate ]: org.carbonateresearch.conus.common.ModelCalculationSpace.copy$default$3 type was: List[org.carbonateresearch.conus.common.SingleModelWithResults] @scala.annotation.unchecked.uncheckedVariance, now: List[org.carbonateresearch.conus.oldies.OldSingleModelWithResults] @scala.annotation.unchecked.uncheckedVariance
2020-04-07 15:58:57.580 INFO  worker.0 - Worker used 3 cached entries.
2020-04-07 15:58:57.580 INFO  c.t.h.WorkerThread - [worker.0]: 433 ms 	3 sources.
2020-04-07 15:58:57.672 INFO  worker.2 - Worker used 13 cached entries.
2020-04-07 15:58:57.673 INFO  c.t.h.WorkerThread - [worker.2]: 525 ms 	3 sources.
2020-04-07 15:58:57.709 INFO  worker.3 - Worker used 31 cached entries.
2020-04-07 15:58:57.709 INFO  c.t.h.WorkerThread - [worker.3]: 562 ms 	3 sources.
2020-04-07 15:58:58.503 INFO  worker.1 - Worker used 11 cached entries.
2020-04-07 15:58:58.503 INFO  c.t.h.WorkerThread - [worker.1]: 1356 ms 	23 sources.
2020-04-07 15:58:58.503 INFO  c.t.h.m.GarbageCollection$ - Garbage collection duration: 59 milliseconds
2020-04-07 15:58:58.503 INFO  c.t.hydra.Hydra - Hydra compiling: 1357 ms
2020-04-07 15:58:58.576 INFO  c.t.h.m.MetricsSerializer - Compilation metrics successfully stored in /Users/cedric/.triplequote/metrics/diagenesissim-1586271537139
2020-04-07 16:10:09.030 INFO  c.t.h.c.c.ParsedLogicalPackage$OutlineParseCompiler - Outline parse 71 files in 1 roots took 8 ms.
2020-04-07 16:10:09.037 INFO  c.t.hydra.Hydra - Loaded pickle store with 145 entries.
2020-04-07 16:10:09.037 INFO  c.t.hydra.Hydra - Hydra Scala version: 2.13.1-hydra40
2020-04-07 16:10:09.037 INFO  c.t.hydra.Hydra - Hydra version:       2.2.2
2020-04-07 16:10:09.037 INFO  c.t.hydra.Hydra - Compiling project:   diagenesissim/main
2020-04-07 16:10:09.038 INFO  c.t.h.FullBuildDetector$ - Recursive - Full build detection took 1 ms.
2020-04-07 16:10:09.038 INFO  c.t.hydra.Hydra - Clean build: false
2020-04-07 16:10:09.040 INFO  c.t.h.l.HydraLicenseChecker - Days until license expiration: 72. Maximum cores: 8
2020-04-07 16:10:09.040 INFO  c.t.h.m.Metrics - Deserializing unit-timings.csv.
2020-04-07 16:10:09.041 INFO  c.t.h.m.AutoBalancer - Balanced workers with distribution (ms): 693:670:96:2
2020-04-07 16:10:09.053 INFO  c.t.hydra.Hydra - [worker.0]: Starting worker with 1 files.
2020-04-07 16:10:09.053 INFO  c.t.hydra.Hydra - [worker.1]: Starting worker with 1 files.
2020-04-07 16:10:09.053 INFO  c.t.hydra.Hydra - [worker.2]: Starting worker with 1 files.
2020-04-07 16:10:09.053 INFO  c.t.hydra.Hydra - [worker.3]: Starting worker with 2 files.
2020-04-07 16:10:09.286 INFO  worker.2 - Worker used 0 cached entries.
2020-04-07 16:10:09.287 INFO  c.t.h.WorkerThread - [worker.2]: 232 ms 	1 sources.
2020-04-07 16:10:09.297 INFO  worker.3 - Worker used 0 cached entries.
2020-04-07 16:10:09.297 INFO  c.t.h.WorkerThread - [worker.3]: 243 ms 	2 sources.
2020-04-07 16:10:09.298 INFO  worker.0 - Worker used 0 cached entries.
2020-04-07 16:10:09.298 INFO  c.t.h.WorkerThread - [worker.0]: 244 ms 	1 sources.
2020-04-07 16:10:09.316 INFO  worker.1 - Worker used 3 cached entries.
2020-04-07 16:10:09.316 INFO  c.t.h.WorkerThread - [worker.1]: 262 ms 	1 sources.
2020-04-07 16:10:09.317 INFO  c.t.h.m.GarbageCollection$ - Garbage collection duration: 19 milliseconds
2020-04-07 16:10:09.317 INFO  c.t.hydra.Hydra - Hydra compiling: 264 ms
2020-04-07 16:10:52.176 INFO  c.t.h.c.c.ParsedLogicalPackage$OutlineParseCompiler - Outline parse 71 files in 1 roots took 7 ms.
2020-04-07 16:10:52.181 INFO  c.t.hydra.Hydra - Loaded pickle store with 147 entries.
2020-04-07 16:10:52.181 INFO  c.t.hydra.Hydra - Hydra Scala version: 2.13.1-hydra40
2020-04-07 16:10:52.181 INFO  c.t.hydra.Hydra - Hydra version:       2.2.2
2020-04-07 16:10:52.181 INFO  c.t.hydra.Hydra - Compiling project:   diagenesissim/main
2020-04-07 16:10:52.181 INFO  c.t.h.FullBuildDetector$ - Recursive - Full build detection took 0 ms.
2020-04-07 16:10:52.181 INFO  c.t.hydra.Hydra - Clean build: false
2020-04-07 16:10:52.183 INFO  c.t.h.l.HydraLicenseChecker - Days until license expiration: 72. Maximum cores: 8
2020-04-07 16:10:52.183 INFO  c.t.h.m.Metrics - Deserializing unit-timings.csv.
2020-04-07 16:10:52.183 INFO  c.t.h.m.AutoBalancer - Balanced workers with distribution (ms): 693:670:96:2
2020-04-07 16:10:52.186 INFO  c.t.hydra.Hydra - [worker.0]: Starting worker with 1 files.
2020-04-07 16:10:52.186 INFO  c.t.hydra.Hydra - [worker.1]: Starting worker with 1 files.
2020-04-07 16:10:52.186 INFO  c.t.hydra.Hydra - [worker.2]: Starting worker with 1 files.
2020-04-07 16:10:52.186 INFO  c.t.hydra.Hydra - [worker.3]: Starting worker with 2 files.
2020-04-07 16:10:52.370 INFO  worker.2 - Worker used 3 cached entries.
2020-04-07 16:10:52.370 INFO  c.t.h.WorkerThread - [worker.2]: 183 ms 	1 sources.
2020-04-07 16:10:52.403 INFO  worker.3 - Worker used 0 cached entries.
2020-04-07 16:10:52.403 INFO  c.t.h.WorkerThread - [worker.3]: 216 ms 	2 sources.
2020-04-07 16:10:52.423 INFO  worker.1 - Worker used 3 cached entries.
2020-04-07 16:10:52.423 INFO  c.t.h.WorkerThread - [worker.1]: 237 ms 	1 sources.
2020-04-07 16:10:52.429 INFO  worker.0 - Worker used 0 cached entries.
2020-04-07 16:10:52.429 INFO  c.t.h.WorkerThread - [worker.0]: 243 ms 	1 sources.
2020-04-07 16:10:52.429 INFO  c.t.h.m.GarbageCollection$ - Garbage collection duration: 30 milliseconds
2020-04-07 16:10:52.429 INFO  c.t.hydra.Hydra - Hydra compiling: 243 ms
2020-04-07 16:10:52.433 INFO  c.t.h.m.MetricsSerializer - Compilation metrics successfully stored in /Users/cedric/.triplequote/metrics/diagenesissim-1586272252181
2020-04-07 16:14:19.179 INFO  c.t.h.c.c.ParsedLogicalPackage$OutlineParseCompiler - Outline parse 71 files in 1 roots took 8 ms.
2020-04-07 16:14:19.185 INFO  c.t.hydra.Hydra - Loaded pickle store with 147 entries.
2020-04-07 16:14:19.185 INFO  c.t.hydra.Hydra - Hydra Scala version: 2.13.1-hydra40
2020-04-07 16:14:19.185 INFO  c.t.hydra.Hydra - Hydra version:       2.2.2
2020-04-07 16:14:19.185 INFO  c.t.hydra.Hydra - Compiling project:   diagenesissim/main
2020-04-07 16:14:19.186 INFO  c.t.h.FullBuildDetector$ - Recursive - Full build detection took 1 ms.
2020-04-07 16:14:19.186 INFO  c.t.hydra.Hydra - Clean build: false
2020-04-07 16:14:19.188 INFO  c.t.h.l.HydraLicenseChecker - Days until license expiration: 72. Maximum cores: 8
2020-04-07 16:14:19.188 INFO  c.t.h.m.Metrics - Deserializing unit-timings.csv.
2020-04-07 16:14:19.189 INFO  c.t.h.m.AutoBalancer - Balanced workers with distribution (ms): 693
2020-04-07 16:14:19.189 INFO  c.t.hydra.Hydra - [worker.0]: Starting worker with 1 files.
2020-04-07 16:14:19.480 INFO  worker.0 - Worker used 0 cached entries.
2020-04-07 16:14:19.480 INFO  c.t.h.WorkerThread - [worker.0]: 290 ms 	1 sources.
2020-04-07 16:14:19.481 INFO  c.t.h.m.GarbageCollection$ - Garbage collection duration: 17 milliseconds
2020-04-07 16:14:19.481 INFO  c.t.hydra.Hydra - Hydra compiling: 292 ms
2020-04-07 16:14:19.483 INFO  c.t.h.m.MetricsSerializer - Compilation metrics successfully stored in /Users/cedric/.triplequote/metrics/diagenesissim-1586272459185
2020-04-07 16:17:48.695 INFO  c.t.h.c.c.ParsedLogicalPackage$OutlineParseCompiler - Outline parse 71 files in 1 roots took 8 ms.
2020-04-07 16:17:48.701 INFO  c.t.hydra.Hydra - Loaded pickle store with 147 entries.
2020-04-07 16:17:48.701 INFO  c.t.hydra.Hydra - Hydra Scala version: 2.13.1-hydra40
2020-04-07 16:17:48.701 INFO  c.t.hydra.Hydra - Hydra version:       2.2.2
2020-04-07 16:17:48.701 INFO  c.t.hydra.Hydra - Compiling project:   diagenesissim/main
2020-04-07 16:17:48.701 INFO  c.t.h.FullBuildDetector$ - Recursive - Full build detection took 0 ms.
2020-04-07 16:17:48.701 INFO  c.t.hydra.Hydra - Clean build: false
2020-04-07 16:17:48.703 INFO  c.t.h.l.HydraLicenseChecker - Days until license expiration: 72. Maximum cores: 8
2020-04-07 16:17:48.703 INFO  c.t.h.m.Metrics - Deserializing unit-timings.csv.
2020-04-07 16:17:48.704 INFO  c.t.h.m.AutoBalancer - Balanced workers with distribution (ms): 693
2020-04-07 16:17:48.704 INFO  c.t.hydra.Hydra - [worker.0]: Starting worker with 1 files.
2020-04-07 16:17:48.942 INFO  worker.0 - Worker used 0 cached entries.
2020-04-07 16:17:48.943 INFO  c.t.h.WorkerThread - [worker.0]: 238 ms 	1 sources.
2020-04-07 16:17:48.944 INFO  c.t.h.m.GarbageCollection$ - Garbage collection duration: 0 milliseconds
2020-04-07 16:17:48.944 INFO  c.t.hydra.Hydra - Hydra compiling: 240 ms
2020-04-07 16:17:48.946 INFO  c.t.h.m.MetricsSerializer - Compilation metrics successfully stored in /Users/cedric/.triplequote/metrics/diagenesissim-1586272668701
